C51 COMPILER V9.54   MAIN                                                                  11/08/2022 17:13:53 PAGE 1   


C51 COMPILER V9.54, COMPILATION OF MODULE MAIN
OBJECT MODULE PLACED IN .\Objects\main.obj
COMPILER INVOKED BY: D:\Keil5\C51\BIN\C51.EXE main.c OPTIMIZE(8,SPEED) BROWSE DEBUG OBJECTEXTEND PRINT(.\Listings\main.l
                    -st) OBJECT(.\Objects\main.obj)

line level    source

   1          #include<REGX52.H>
   2          
   3          void Delay(unsigned int a)              //@12.000MHz
   4          {
   5   1              for(;a>0;a--)
   6   1                      {
   7   2                              unsigned char i, j;
   8   2                              i = 2;
   9   2                              j = 239;
  10   2                              do
  11   2                              {
  12   3                                      while (--j);
  13   3                              } while (--i);
  14   2                      }
  15   1      }
  16          
  17          
  18          void main()
  19          {
  20   1              unsigned char a=0;
  21   1              while(1)
  22   1                      {
  23   2                              if(P3_1==0)
  24   2                                      {
  25   3                                              Delay(20);
  26   3                                              while(P3_1==0);
  27   3                                              Delay(20);
  28   3                                              
  29   3                                              a++;
  30   3                                              P2=~a;
  31   3                                      }
  32   2                              
  33   2                      }
  34   1      }       


MODULE INFORMATION:   STATIC OVERLAYABLE
   CODE SIZE        =     58    ----
   CONSTANT SIZE    =   ----    ----
   XDATA SIZE       =   ----    ----
   PDATA SIZE       =   ----    ----
   DATA SIZE        =   ----       2
   IDATA SIZE       =   ----    ----
   BIT SIZE         =   ----    ----
END OF MODULE INFORMATION.


C51 COMPILATION COMPLETE.  0 WARNING(S),  0 ERROR(S)
