C51 COMPILER V9.54   DELAY                                                                 11/10/2022 12:01:46 PAGE 1   


C51 COMPILER V9.54, COMPILATION OF MODULE DELAY
OBJECT MODULE PLACED IN .\Objects\Delay.obj
COMPILER INVOKED BY: D:\Keil5\C51\BIN\C51.EXE Delay.c OPTIMIZE(8,SPEED) BROWSE DEBUG OBJECTEXTEND PRINT(.\Listings\Delay
                    -.lst) OBJECT(.\Objects\Delay.obj)

line level    source

   1          
   2          void Delay(unsigned int a)              //@12.000MHz
   3          {
   4   1              for(;a>0;a--)
   5   1                      {
   6   2                              unsigned char i, j;
   7   2                              i = 2;
   8   2                              j = 239;
   9   2                              do
  10   2                              {
  11   3                                      while (--j);
  12   3                              } while (--i);
  13   2                      }
  14   1      }


MODULE INFORMATION:   STATIC OVERLAYABLE
   CODE SIZE        =     29    ----
   CONSTANT SIZE    =   ----    ----
   XDATA SIZE       =   ----    ----
   PDATA SIZE       =   ----    ----
   DATA SIZE        =   ----       2
   IDATA SIZE       =   ----    ----
   BIT SIZE         =   ----    ----
END OF MODULE INFORMATION.


C51 COMPILATION COMPLETE.  0 WARNING(S),  0 ERROR(S)
