C51 COMPILER V9.54   MAIN                                                                  11/08/2022 22:11:22 PAGE 1   


C51 COMPILER V9.54, COMPILATION OF MODULE MAIN
OBJECT MODULE PLACED IN .\Objects\main.obj
COMPILER INVOKED BY: D:\Keil5\C51\BIN\C51.EXE main.c OPTIMIZE(8,SPEED) BROWSE DEBUG OBJECTEXTEND PRINT(.\Listings\main.l
                    -st) OBJECT(.\Objects\main.obj)

line level    source

   1          #include<REGX52.H>
   2          
   3          void Delay(unsigned int a)              //@12.000MHz
   4          {
   5   1              for(;a>0;a--)
   6   1                      {
   7   2                              unsigned char i, j;
   8   2                              i = 2;
   9   2                              j = 239;
  10   2                              do
  11   2                              {
  12   3                                      while (--j);
  13   3                              } while (--i);
  14   2                      }
  15   1      }
  16          
  17          void main()
  18          {
  19   1              int step=0;//ÒÆ¶¯Î»Êý
  20   1              P2=~(0x01);
  21   1              while(1)
  22   1                      {       
  23   2                              
  24   2                              if(P3_0==0)
  25   2                                      {
  26   3                                              Delay(20);
  27   3                                              while(P3_0==0);
  28   3                                              Delay(20);
  29   3                                              
  30   3                                              
  31   3                                              step++;
  32   3                                              if(step>=8)
  33   3                                                      step=0;
  34   3                                              P2=~(0x01<<step);
  35   3                                              
  36   3                                      }
  37   2                              if(P3_1==0)
  38   2                                      {
  39   3                                              Delay(20);
  40   3                                              while(P3_1==0);
  41   3                                              Delay(20);
  42   3                                              
  43   3                                              step--;
  44   3                                              if(step<=-1)
  45   3                                                      step=7;
  46   3                                              P2=~(0x01<<step);
  47   3                                              
  48   3                                      }       
  49   2                      }
  50   1      }


MODULE INFORMATION:   STATIC OVERLAYABLE
   CODE SIZE        =    136    ----
C51 COMPILER V9.54   MAIN                                                                  11/08/2022 22:11:22 PAGE 2   

   CONSTANT SIZE    =   ----    ----
   XDATA SIZE       =   ----    ----
   PDATA SIZE       =   ----    ----
   DATA SIZE        =   ----       2
   IDATA SIZE       =   ----    ----
   BIT SIZE         =   ----    ----
END OF MODULE INFORMATION.


C51 COMPILATION COMPLETE.  0 WARNING(S),  0 ERROR(S)
