C51 COMPILER V9.54   MAIN                                                                  11/14/2022 22:51:02 PAGE 1   


C51 COMPILER V9.54, COMPILATION OF MODULE MAIN
OBJECT MODULE PLACED IN .\Objects\main.obj
COMPILER INVOKED BY: D:\Keil5\C51\BIN\C51.EXE main.c OPTIMIZE(8,SPEED) BROWSE DEBUG OBJECTEXTEND PRINT(.\Listings\main.l
                    -st) OBJECT(.\Objects\main.obj)

line level    source

   1          #include <REGX52.H>
   2          #include "Delay.h"
*** WARNING C315 IN LINE 1 OF Delay.h: unknown #directive 'ifndef__DELAY_H__'
*** WARNING C315 IN LINE 2 OF Delay.h: unknown #directive 'define__DELAY_H__'
*** WARNING C312 IN LINE 6 OF Delay.h: misplaced endif control
   3          #include "LCD1602.h"
   4          #include "Timer0.h"
*** WARNING C315 IN LINE 1 OF Timer0.h: unknown #directive 'ifnedf'
*** WARNING C312 IN LINE 6 OF Timer0.h: misplaced endif control
   5          #include "matrixkey.h"
*** WARNING C315 IN LINE 1 OF matrixkey.h: unknown #directive 'ifnedf'
*** WARNING C315 IN LINE 6 OF matrixkey.h: unknown #directive 'endifwhile'
   6          
   7          int sec=0,min=0,hour=0;
   8          unsigned int keynum=0,count=0;
   9          
  10          void main()
  11          {
  12   1              Timer0_Init();
  13   1              LCD_Init();
  14   1              LCD_ShowString(1,1,"CLOCK:");
  15   1              LCD_ShowString(2,1,"  :  :");
  16   1              while(1)
  17   1              {
  18   2                      LCD_ShowNum(2,1,hour,2);
  19   2                      LCD_ShowNum(2,4,min,2);
  20   2                      LCD_ShowNum(2,7,sec,2);
  21   2              }
  22   1      }
  23          
  24          void Timer0_Routine() interrupt 1
  25          {       
  26   1              static unsigned int T0count=0;
  27   1              TL0 = 0x66;             //设置定时初值
  28   1              TH0 = 0xFC;
  29   1              T0count++;
  30   1              if(T0count>=1000)
  31   1                      {
  32   2                              T0count=0;
  33   2                              sec++;
  34   2                              if(sec>=60)
  35   2                                      {
  36   3                                              sec=0;
  37   3                                              min++;
  38   3                                              if(min>=60)
  39   3                                                      {
  40   4                                                              min=0;
  41   4                                                              hour++;
  42   4                                                              if(hour>=24)
  43   4                                                                      {
  44   5                                                                              hour=0;
  45   5                                                                      }
  46   4                                                      }
  47   3                                      }       
C51 COMPILER V9.54   MAIN                                                                  11/14/2022 22:51:02 PAGE 2   

  48   2                      }
  49   1      }       


MODULE INFORMATION:   STATIC OVERLAYABLE
   CODE SIZE        =    186    ----
   CONSTANT SIZE    =     14    ----
   XDATA SIZE       =   ----    ----
   PDATA SIZE       =   ----    ----
   DATA SIZE        =     12    ----
   IDATA SIZE       =   ----    ----
   BIT SIZE         =   ----    ----
END OF MODULE INFORMATION.


C51 COMPILATION COMPLETE.  7 WARNING(S),  0 ERROR(S)
