C51 COMPILER V9.54   MAIN                                                                  11/14/2022 21:52:14 PAGE 1   


C51 COMPILER V9.54, COMPILATION OF MODULE MAIN
OBJECT MODULE PLACED IN .\Objects\main.obj
COMPILER INVOKED BY: D:\Keil5\C51\BIN\C51.EXE main.c OPTIMIZE(8,SPEED) BROWSE DEBUG OBJECTEXTEND PRINT(.\Listings\main.l
                    -st) OBJECT(.\Objects\main.obj)

line level    source

   1          #include <REGX52.H>
   2          #include <INTRINS.H>
   3          #include "DELAY.H"
*** WARNING C315 IN LINE 1 OF DELAY.H: unknown #directive 'ifndef__DELAY_H__'
*** WARNING C315 IN LINE 2 OF DELAY.H: unknown #directive 'define__DELAY_H__'
*** WARNING C312 IN LINE 6 OF DELAY.H: misplaced endif control
   4          #include "LCD1602.H"
   5          #include "Timer0.h"
*** WARNING C315 IN LINE 1 OF Timer0.h: unknown #directive 'ifnedf'
*** WARNING C312 IN LINE 6 OF Timer0.h: misplaced endif control
   6          #include "matrixkey.h"
*** WARNING C315 IN LINE 1 OF matrixkey.h: unknown #directive 'ifnedf'
*** WARNING C315 IN LINE 6 OF matrixkey.h: unknown #directive 'endifwhile'
   7          
   8          unsigned int keynum=0,ledmode=0;
   9          
  10          void main()
  11          {       
  12   1              P2=0xFE;
  13   1              Timer0_Init();
  14   1              while(1)
  15   1                      {
  16   2                              keynum=matrixkey();
  17   2                              if(keynum)
  18   2                                      {
  19   3                                              if(keynum==1)
  20   3                                                      {
  21   4                                                              ledmode++;
  22   4                                                              if(ledmode>=2)ledmode=0;
  23   4                                                      }
  24   3                                      }
  25   2                      }
  26   1      }
  27          
  28          void Timer0_Routine() interrupt 1
  29          {       
  30   1              static unsigned int T0count=0;
  31   1              TL0 = 0x66;             //设置定时初值
  32   1              TH0 = 0xFC;
  33   1              T0count++;
  34   1              if(T0count>=500)
  35   1                      {
  36   2                              T0count=0;
  37   2                              if(ledmode==0)
  38   2                                      P2=_crol_(P2,1);
  39   2                              if(ledmode==1)
  40   2                                      P2=_cror_(P2,1);
  41   2                      }
  42   1      }       


MODULE INFORMATION:   STATIC OVERLAYABLE
   CODE SIZE        =    141    ----
   CONSTANT SIZE    =   ----    ----
C51 COMPILER V9.54   MAIN                                                                  11/14/2022 21:52:14 PAGE 2   

   XDATA SIZE       =   ----    ----
   PDATA SIZE       =   ----    ----
   DATA SIZE        =      6    ----
   IDATA SIZE       =   ----    ----
   BIT SIZE         =   ----    ----
END OF MODULE INFORMATION.


C51 COMPILATION COMPLETE.  7 WARNING(S),  0 ERROR(S)
