C51 COMPILER V9.54   TIMER0                                                                11/14/2022 21:19:37 PAGE 1   


C51 COMPILER V9.54, COMPILATION OF MODULE TIMER0
OBJECT MODULE PLACED IN .\Objects\Timer0.obj
COMPILER INVOKED BY: D:\Keil5\C51\BIN\C51.EXE Timer0.c OPTIMIZE(8,SPEED) BROWSE DEBUG OBJECTEXTEND PRINT(.\Listings\Time
                    -r0.lst) OBJECT(.\Objects\Timer0.obj)

line level    source

   1          #include <REGX52.H>
   2          
   3          void Timer0_Init()//定时器0初始化
   4          {
   5   1              TMOD&=0xF0;
   6   1              TMOD|=0x01;
   7   1              TF0=0;
   8   1              TR0=1;
   9   1              TL0 = 0x66;             //设置定时初值
  10   1              TH0 = 0xFC;
  11   1              ET0=1;
  12   1              EA=1;
  13   1              PT0=0;
  14   1      }
  15          /*
  16          void Timer0_Routine() interrupt 1
  17          {       
  18                  static unsigned int T0count=0;
  19                  TL0 = 0x66;             //设置定时初值
  20                  TH0 = 0xFC;
  21                  T0count++;
  22                  if(T0count>=1000)
  23                          {
  24                                  T0count=0;
  25                                  T0count++;
  26                                  P2_0=~P2_0;
  27                          }
  28          }       
  29          */


MODULE INFORMATION:   STATIC OVERLAYABLE
   CODE SIZE        =     23    ----
   CONSTANT SIZE    =   ----    ----
   XDATA SIZE       =   ----    ----
   PDATA SIZE       =   ----    ----
   DATA SIZE        =   ----    ----
   IDATA SIZE       =   ----    ----
   BIT SIZE         =   ----    ----
END OF MODULE INFORMATION.


C51 COMPILATION COMPLETE.  0 WARNING(S),  0 ERROR(S)
