C51 COMPILER V9.54   LIGHT                                                                 11/09/2022 20:12:34 PAGE 1   


C51 COMPILER V9.54, COMPILATION OF MODULE LIGHT
OBJECT MODULE PLACED IN .\Objects\LIGHT.obj
COMPILER INVOKED BY: D:\Keil5\C51\BIN\C51.EXE LIGHT.c OPTIMIZE(8,SPEED) BROWSE DEBUG OBJECTEXTEND PRINT(.\Listings\LIGHT
                    -.lst) OBJECT(.\Objects\LIGHT.obj)

line level    source

   1          #include <REGX52.H>
   2          #include "Delay.h"
*** WARNING C315 IN LINE 1 OF Delay.h: unknown #directive 'ifndef__DELAY_H__'
*** WARNING C315 IN LINE 2 OF Delay.h: unknown #directive 'define__DELAY_H__'
*** WARNING C312 IN LINE 6 OF Delay.h: misplaced endif control
   3          
   4          int num[]={0x3F,0x06,0x5B,0x4F,0x66,0x6D,0x7D,0x07,0x7f,0x6F};
   5          
   6          void LIGHT(unsigned char a,b)
   7          {
   8   1              if(a==1)
   9   1                      {
  10   2                              P2_4=1;
  11   2                              P2_3=1;
  12   2                              P2_2=1;
  13   2                      }
  14   1              else if(a==2)
  15   1                              {
  16   2                                      P2_4=1;
  17   2                                      P2_3=1;
  18   2                                      P2_2=0; 
  19   2                              }
  20   1              else if(a==3)
  21   1                              {
  22   2                                      P2_4=1;
  23   2                                      P2_3=0;
  24   2                                      P2_2=1; 
  25   2                              }
  26   1              else if(a==4)
  27   1                              {
  28   2                                      P2_4=1;
  29   2                                      P2_3=0;
  30   2                                      P2_2=0;
  31   2                              }
  32   1              else if(a==5)
  33   1                              {
  34   2                                      P2_4=0;
  35   2                                      P2_3=1;
  36   2                                      P2_2=1;
  37   2                              }
  38   1              else if(a==6)
  39   1                              {
  40   2                                      P2_4=0;
  41   2                                      P2_3=1;
  42   2                                      P2_2=0;
  43   2                              }
  44   1              else if(a==7)
  45   1                              {
  46   2                                      P2_4=0;
  47   2                                      P2_3=0;
  48   2                                      P2_2=1;
  49   2                              }
  50   1              else if(a==8)
  51   1                              {
C51 COMPILER V9.54   LIGHT                                                                 11/09/2022 20:12:34 PAGE 2   

  52   2                                      P2_4=0;
  53   2                                      P2_3=0;
  54   2                                      P2_2=0;
  55   2                              }
  56   1              P0=num[b];
  57   1              Delay(1);
  58   1              P0=0x00;                        
  59   1      }


MODULE INFORMATION:   STATIC OVERLAYABLE
   CODE SIZE        =     91    ----
   CONSTANT SIZE    =   ----    ----
   XDATA SIZE       =   ----    ----
   PDATA SIZE       =   ----    ----
   DATA SIZE        =     20    ----
   IDATA SIZE       =   ----    ----
   BIT SIZE         =   ----    ----
END OF MODULE INFORMATION.


C51 COMPILATION COMPLETE.  3 WARNING(S),  0 ERROR(S)
