C51 COMPILER V9.54   MAIN                                                                  11/09/2022 20:24:05 PAGE 1   


C51 COMPILER V9.54, COMPILATION OF MODULE MAIN
OBJECT MODULE PLACED IN .\Objects\main.obj
COMPILER INVOKED BY: D:\Keil5\C51\BIN\C51.EXE main.c OPTIMIZE(8,SPEED) BROWSE DEBUG OBJECTEXTEND PRINT(.\Listings\main.l
                    -st) OBJECT(.\Objects\main.obj)

line level    source

   1          #include <REGX52.H>
   2          #include "Delay.h"
*** WARNING C315 IN LINE 1 OF Delay.h: unknown #directive 'ifndef__DELAY_H__'
*** WARNING C315 IN LINE 2 OF Delay.h: unknown #directive 'define__DELAY_H__'
*** WARNING C312 IN LINE 6 OF Delay.h: misplaced endif control
   3          #include "LIGHT.H"
   4          
   5          void main()
   6          {
   7   1              while(1)
   8   1              {
   9   2                      LIGHT(7,1);
  10   2                      LIGHT(8,0);
  11   2                      Delay(1000);
  12   2                      LIGHT(8,9);
  13   2                      Delay(1000);
  14   2                      LIGHT(8,8);
  15   2                      Delay(1000);
  16   2                      LIGHT(8,7);
  17   2                      Delay(1000);
  18   2                      LIGHT(8,6);
  19   2                      Delay(1000);
  20   2                      LIGHT(8,5);
  21   2                      Delay(1000);
  22   2                      LIGHT(8,4);
  23   2                      Delay(1000);
  24   2                      LIGHT(8,3);
  25   2                      Delay(1000);
  26   2                      LIGHT(8,2);
  27   2                      Delay(1000);
  28   2                      LIGHT(8,1);
  29   2                      Delay(1000);
  30   2              }
  31   1      }


MODULE INFORMATION:   STATIC OVERLAYABLE
   CODE SIZE        =    171    ----
   CONSTANT SIZE    =   ----    ----
   XDATA SIZE       =   ----    ----
   PDATA SIZE       =   ----    ----
   DATA SIZE        =   ----    ----
   IDATA SIZE       =   ----    ----
   BIT SIZE         =   ----    ----
END OF MODULE INFORMATION.


C51 COMPILATION COMPLETE.  3 WARNING(S),  0 ERROR(S)
