C51 COMPILER V9.54   MAIN                                                                  11/09/2022 15:59:30 PAGE 1   


C51 COMPILER V9.54, COMPILATION OF MODULE MAIN
OBJECT MODULE PLACED IN .\Objects\main.obj
COMPILER INVOKED BY: D:\Keil5\C51\BIN\C51.EXE main.c OPTIMIZE(8,SPEED) BROWSE DEBUG OBJECTEXTEND PRINT(.\Listings\main.l
                    -st) OBJECT(.\Objects\main.obj)

line level    source

   1          #include<REGX52.H>
   2          
   3          int num[]={0x3F,0x06,0x5B,0x4F,0x66,0x6D,0x7D,0x07,0x7f,0x6F};
   4          
   5          void Delay(unsigned int a)              //@12.000MHz
   6          {
   7   1              for(;a>0;a--)
   8   1                      {
   9   2                              unsigned char i, j;
  10   2                              i = 2;
  11   2                              j = 239;
  12   2                              do
  13   2                              {
  14   3                                      while (--j);
  15   3                              } while (--i);
  16   2                      }
  17   1      }
  18          
  19          void LIGHT(unsigned char a,b)
  20          {
  21   1              if(a==1)
  22   1                      {
  23   2                              P2_4=1;
  24   2                              P2_3=1;
  25   2                              P2_2=1;
  26   2                      }
  27   1              else if(a==2)
  28   1                              {
  29   2                                      P2_4=1;
  30   2                                      P2_3=1;
  31   2                                      P2_2=0;
  32   2                              }
  33   1              else if(a==3)
  34   1                              {
  35   2                                      P2_4=1;
  36   2                                      P2_3=0;
  37   2                                      P2_2=1;
  38   2                              }
  39   1              else if(a==4)
  40   1                              {
  41   2                                      P2_4=1;
  42   2                                      P2_3=0;
  43   2                                      P2_2=0;
  44   2                              }
  45   1              else if(a==5)
  46   1                              {
  47   2                                      P2_4=0;
  48   2                                      P2_3=1;
  49   2                                      P2_2=1;
  50   2                              }
  51   1              else if(a==6)
  52   1                              {
  53   2                                      P2_4=0;
  54   2                                      P2_3=1;
C51 COMPILER V9.54   MAIN                                                                  11/09/2022 15:59:30 PAGE 2   

  55   2                                      P2_2=0;
  56   2                              }
  57   1              else if(a==7)
  58   1                              {
  59   2                                      P2_4=0;
  60   2                                      P2_3=0;
  61   2                                      P2_2=1;
  62   2                              }
  63   1              else if(a==8)
  64   1                              {
  65   2                                      P2_4=0;
  66   2                                      P2_3=0;
  67   2                                      P2_2=0;
  68   2                              }
  69   1              P0=num[b];
  70   1              Delay(1);
  71   1              P0=0x00;                
  72   1      }
  73          
  74          void main()
  75          {
  76   1              
  77   1              while(1)
  78   1              {
  79   2                      LIGHT(7,1);
  80   2                      LIGHT(8,0);
  81   2                      Delay(1000);
  82   2                      LIGHT(8,9);
  83   2                      Delay(1000);
  84   2                      LIGHT(8,8);
  85   2                      Delay(1000);
  86   2                      LIGHT(8,7);
  87   2                      Delay(1000);
  88   2                      LIGHT(8,6);
  89   2                      Delay(1000);
  90   2                      LIGHT(8,5);
  91   2                      Delay(1000);
  92   2                      LIGHT(8,4);
  93   2                      Delay(1000);
  94   2                      LIGHT(8,3);
  95   2                      Delay(1000);
  96   2                      LIGHT(8,2);
  97   2                      Delay(1000);
  98   2                      LIGHT(8,1);
  99   2                      Delay(1000);
 100   2              }
 101   1      }


MODULE INFORMATION:   STATIC OVERLAYABLE
   CODE SIZE        =    224    ----
   CONSTANT SIZE    =   ----    ----
   XDATA SIZE       =   ----    ----
   PDATA SIZE       =   ----    ----
   DATA SIZE        =     20       2
   IDATA SIZE       =   ----    ----
   BIT SIZE         =   ----    ----
END OF MODULE INFORMATION.


C51 COMPILATION COMPLETE.  0 WARNING(S),  0 ERROR(S)
